<?xml version="1.0" encoding="UTF-8"?>
<!-- Generated by org.testng.reporters.JUnitXMLReporter -->
<testsuite ignored="0" hostname="Vietnam-4636" failures="0" tests="4" name="Default test" time="40.362" errors="0" timestamp="2023-05-16T18:01:06 ICT">
  <testcase classname="testpackage.orangeHRM" name="TestNav" time="34.469"/>
  <testcase classname="testpackage.orangeHRM" name="TestLogin" time="1.779"/>
  <testcase classname="testpackage.orangeHRM" name="TestGetUsername" time="0.379"/>
  <testcase classname="testpackage.orangeHRM" name="TestNavtoAdmin" time="1.756"/>
</testsuite> <!-- Default test -->
