<?xml version="1.0" encoding="UTF-8"?>
<!-- Generated by org.testng.reporters.JUnitXMLReporter -->
<testsuite ignored="0" hostname="Vietnam-4636" failures="0" tests="4" name="Default test" time="41.816" errors="0" timestamp="2023-05-17T14:28:20 ICT">
  <testcase classname="testpackage.orangeHRM" name="TestNav" time="35.203"/>
  <testcase classname="testpackage.orangeHRM" name="TestLogin" time="2.181"/>
  <testcase classname="testpackage.orangeHRM" name="TestGetUsername" time="0.414"/>
  <testcase classname="testpackage.orangeHRM" name="TestNavtoAdmin" time="1.912"/>
</testsuite> <!-- Default test -->
