<?xml version="1.0" encoding="UTF-8"?>
<testng-results ignored="0" total="4" passed="4" failed="0" skipped="0">
  <reporter-output>
  </reporter-output>
  <suite started-at="2023-05-17T16:44:17 ICT" name="Default suite" finished-at="2023-05-17T16:44:30 ICT" duration-ms="13397">
    <groups>
    </groups>
    <test started-at="2023-05-17T16:44:17 ICT" name="Default test" finished-at="2023-05-17T16:44:30 ICT" duration-ms="13397">
      <class name="testpackage.orangeHRM">
        <test-method is-config="true" signature="BeforeTest()[pri:0, instance:testpackage.orangeHRM@121314f7]" started-at="2023-05-17T16:44:17 ICT" name="BeforeTest" finished-at="2023-05-17T16:44:19 ICT" duration-ms="1715" status="PASS">
          <reporter-output>
          </reporter-output>
        </test-method> <!-- BeforeTest -->
        <test-method signature="TestNav()[pri:0, instance:testpackage.orangeHRM@121314f7]" started-at="2023-05-17T16:44:19 ICT" name="TestNav" finished-at="2023-05-17T16:44:25 ICT" duration-ms="6837" status="PASS">
          <reporter-output>
          </reporter-output>
        </test-method> <!-- TestNav -->
        <test-method signature="TestLogin(java.lang.String,java.lang.String)[pri:1, instance:testpackage.orangeHRM@121314f7]" started-at="2023-05-17T16:44:26 ICT" name="TestLogin" data-provider="testData" finished-at="2023-05-17T16:44:28 ICT" duration-ms="2111" status="PASS">
          <params>
            <param index="0">
              <value>
                <![CDATA[Admin]]>
              </value>
            </param>
            <param index="1">
              <value>
                <![CDATA[admin123]]>
              </value>
            </param>
          </params>
          <reporter-output>
          </reporter-output>
        </test-method> <!-- TestLogin -->
        <test-method signature="TestGetUsername()[pri:2, instance:testpackage.orangeHRM@121314f7]" started-at="2023-05-17T16:44:28 ICT" name="TestGetUsername" finished-at="2023-05-17T16:44:28 ICT" duration-ms="404" status="PASS">
          <reporter-output>
          </reporter-output>
        </test-method> <!-- TestGetUsername -->
        <test-method signature="TestNavtoAdmin()[pri:3, instance:testpackage.orangeHRM@121314f7]" started-at="2023-05-17T16:44:28 ICT" name="TestNavtoAdmin" finished-at="2023-05-17T16:44:30 ICT" duration-ms="2118" status="PASS">
          <reporter-output>
          </reporter-output>
        </test-method> <!-- TestNavtoAdmin -->
        <test-method is-config="true" signature="AfterTest()[pri:0, instance:testpackage.orangeHRM@121314f7]" started-at="2023-05-17T16:44:30 ICT" name="AfterTest" finished-at="2023-05-17T16:44:30 ICT" duration-ms="173" status="PASS">
          <reporter-output>
          </reporter-output>
        </test-method> <!-- AfterTest -->
      </class> <!-- testpackage.orangeHRM -->
    </test> <!-- Default test -->
  </suite> <!-- Default suite -->
</testng-results>
